<?xml version="1.0" encoding="UTF-8"?>
<!-- Generated by org.testng.reporters.JUnitReportReporter -->
<testsuite skipped="4" hostname="vinayak-PC" name="com.mavenProject.SecondDayMaven.SeleniumClass$NewTestng" tests="5" failures="0" timestamp="28 Jun 2019 06:00:00 GMT" time="10.762" errors="0">
  <testcase name="WebTable" time="10.762" classname="com.mavenProject.SecondDayMaven.SeleniumClass$NewTestng"/>
  <testcase name="frameHandleCode" classname="com.mavenProject.SecondDayMaven.SeleniumClass$NewTestng">
    <skipped/>
  </testcase> <!-- frameHandleCode -->
  <testcase name="ActionMouseHover" classname="com.mavenProject.SecondDayMaven.SeleniumClass$NewTestng">
    <skipped/>
  </testcase> <!-- ActionMouseHover -->
  <testcase name="ActionDragDrop" classname="com.mavenProject.SecondDayMaven.SeleniumClass$NewTestng">
    <skipped/>
  </testcase> <!-- ActionDragDrop -->
  <testcase name="windowHandleCode" classname="com.mavenProject.SecondDayMaven.SeleniumClass$NewTestng">
    <skipped/>
  </testcase> <!-- windowHandleCode -->
</testsuite> <!-- com.mavenProject.SecondDayMaven.SeleniumClass$NewTestng -->
