<?xml version="1.0" encoding="UTF-8"?>
<!-- Generated by org.testng.reporters.JUnitReportReporter -->
<testsuite skipped="0" hostname="vinayak-PC" name="com.runnerclass.Runner" tests="2" failures="0" timestamp="04 Jul 2019 03:14:14 GMT" time="41.860" errors="0">
  <testcase name="feature" time="41.842" classname="com.runnerclass.Runner"/>
  <testcase name="f" time="0.018" classname="com.runnerclass.Runner"/>
</testsuite> <!-- com.runnerclass.Runner -->
